<?xml version="1.0" encoding="UTF-8"?>
<!-- Generated by org.testng.reporters.JUnitXMLReporter -->
<testsuite ignored="0" hostname="Trangs-MacBook.local" failures="0" tests="7" name="Default test" time="162.369" errors="0" timestamp="2023-03-14T14:47:11 ICT">
  <testcase classname="com.automation.testcase.TC_LoginTest" name="LoginTest" time="18.456"/>
  <testcase classname="com.automation.testcase.TC_LoginTest" name="LoginTest" time="18.218"/>
  <testcase classname="com.automation.testcase.TC_LoginTest" name="LoginTest" time="19.459"/>
  <testcase classname="com.automation.testcase.TC_LoginTest" name="LoginTest" time="20.694"/>
  <testcase classname="com.automation.testcase.TC_LoginTest" name="LoginTest" time="24.694"/>
  <testcase classname="com.automation.testcase.TC_LoginTest" name="LoginTest" time="17.922"/>
  <testcase classname="com.automation.testcase.TC_LoginTest" name="LoginTest" time="18.633"/>
</testsuite> <!-- Default test -->
